# JRE version: OpenJDK Runtime Environment (8.0_152-b06) (build 1.8.0_152-release-1136-b06)
# Java VM: OpenJDK 64-Bit Server VM (25.152-b06 mixed mode windows-amd64 compressed oops)
Heap:
 PSYoungGen      total 35840K, used 19633K [0x0000000780700000, 0x0000000782f00000, 0x00000007c0000000)
  eden space 30720K, 47% used [0x0000000780700000,0x0000000781534680,0x0000000782500000)
  from space 5120K, 99% used [0x0000000782a00000,0x0000000782ef8040,0x0000000782f00000)
  to   space 5120K, 0% used [0x0000000782500000,0x0000000782500000,0x0000000782a00000)
 ParOldGen       total 81920K, used 4314K [0x0000000701400000, 0x0000000706400000, 0x0000000780700000)
  object space 81920K, 5% used [0x0000000701400000,0x0000000701836810,0x0000000706400000)
 Metaspace       used 17725K, capacity 18122K, committed 18432K, reserved 1064960K
  class space    used 2577K, capacity 2717K, committed 2816K, reserved 1048576K
GC Heap History (8 events):
Event: 0.793 GC heap before
{Heap before GC invocations=1 (full 0):
 PSYoungGen      total 35840K, used 30720K [0x0000000780700000, 0x0000000782f00000, 0x00000007c0000000)
  eden space 30720K, 100% used [0x0000000780700000,0x0000000782500000,0x0000000782500000)
  from space 5120K, 0% used [0x0000000782a00000,0x0000000782a00000,0x0000000782f00000)
  to   space 5120K, 0% used [0x0000000782500000,0x0000000782500000,0x0000000782a00000)
 ParOldGen       total 81920K, used 0K [0x0000000701400000, 0x0000000706400000, 0x0000000780700000)
  object space 81920K, 0% used [0x0000000701400000,0x0000000701400000,0x0000000706400000)
 Metaspace       used 6633K, capacity 6766K, committed 7040K, reserved 1056768K
  class space    used 807K, capacity 875K, committed 896K, reserved 1048576K
Event: 0.799 GC heap after
Heap after GC invocations=1 (full 0):
 PSYoungGen      total 35840K, used 4129K [0x0000000780700000, 0x0000000782f00000, 0x00000007c0000000)
  eden space 30720K, 0% used [0x0000000780700000,0x0000000780700000,0x0000000782500000)
  from space 5120K, 80% used [0x0000000782500000,0x00000007829084b8,0x0000000782a00000)
  to   space 5120K, 0% used [0x0000000782a00000,0x0000000782a00000,0x0000000782f00000)
 ParOldGen       total 81920K, used 8K [0x0000000701400000, 0x0000000706400000, 0x0000000780700000)
  object space 81920K, 0% used [0x0000000701400000,0x0000000701402000,0x0000000706400000)
 Metaspace       used 6633K, capacity 6766K, committed 7040K, reserved 1056768K
  class space    used 807K, capacity 875K, committed 896K, reserved 1048576K
}
Event: 1.180 GC heap before
{Heap before GC invocations=2 (full 0):
 PSYoungGen      total 35840K, used 34849K [0x0000000780700000, 0x0000000782f00000, 0x00000007c0000000)
  eden space 30720K, 100% used [0x0000000780700000,0x0000000782500000,0x0000000782500000)
  from space 5120K, 80% used [0x0000000782500000,0x00000007829084b8,0x0000000782a00000)
  to   space 5120K, 0% used [0x0000000782a00000,0x0000000782a00000,0x0000000782f00000)
 ParOldGen       total 81920K, used 8K [0x0000000701400000, 0x0000000706400000, 0x0000000780700000)
  object space 81920K, 0% used [0x0000000701400000,0x0000000701402000,0x0000000706400000)
 Metaspace       used 9412K, capacity 9634K, committed 9856K, reserved 1058816K
  class space    used 1246K, capacity 1357K, committed 1408K, reserved 1048576K
Event: 1.184 GC heap after
Heap after GC invocations=2 (full 0):
 PSYoungGen      total 35840K, used 4639K [0x0000000780700000, 0x0000000782f00000, 0x00000007c0000000)
  eden space 30720K, 0% used [0x0000000780700000,0x0000000780700000,0x0000000782500000)
  from space 5120K, 90% used [0x0000000782a00000,0x0000000782e87fd8,0x0000000782f00000)
  to   space 5120K, 0% used [0x0000000782500000,0x0000000782500000,0x0000000782a00000)
 ParOldGen       total 81920K, used 16K [0x0000000701400000, 0x0000000706400000, 0x0000000780700000)
  object space 81920K, 0% used [0x0000000701400000,0x0000000701404000,0x0000000706400000)
 Metaspace       used 9412K, capacity 9634K, committed 9856K, reserved 1058816K
  class space    used 1246K, capacity 1357K, committed 1408K, reserved 1048576K
}
Event: 2.119 GC heap before
{Heap before GC invocations=3 (full 0):
 PSYoungGen      total 35840K, used 35359K [0x0000000780700000, 0x0000000782f00000, 0x00000007c0000000)
  eden space 30720K, 100% used [0x0000000780700000,0x0000000782500000,0x0000000782500000)
  from space 5120K, 90% used [0x0000000782a00000,0x0000000782e87fd8,0x0000000782f00000)
  to   space 5120K, 0% used [0x0000000782500000,0x0000000782500000,0x0000000782a00000)
 ParOldGen       total 81920K, used 16K [0x0000000701400000, 0x0000000706400000, 0x0000000780700000)
  object space 81920K, 0% used [0x0000000701400000,0x0000000701404000,0x0000000706400000)
 Metaspace       used 13196K, capacity 13520K, committed 13824K, reserved 1060864K
  class space    used 1829K, capacity 1962K, committed 2048K, reserved 1048576K
Event: 2.125 GC heap after
Heap after GC invocations=3 (full 0):
 PSYoungGen      total 35840K, used 5110K [0x0000000780700000, 0x0000000782f00000, 0x00000007c0000000)
  eden space 30720K, 0% used [0x0000000780700000,0x0000000780700000,0x0000000782500000)
  from space 5120K, 99% used [0x0000000782500000,0x00000007829fda88,0x0000000782a00000)
  to   space 5120K, 0% used [0x0000000782a00000,0x0000000782a00000,0x0000000782f00000)
 ParOldGen       total 81920K, used 1285K [0x0000000701400000, 0x0000000706400000, 0x0000000780700000)
  object space 81920K, 1% used [0x0000000701400000,0x0000000701541558,0x0000000706400000)
 Metaspace       used 13196K, capacity 13520K, committed 13824K, reserved 1060864K
  class space    used 1829K, capacity 1962K, committed 2048K, reserved 1048576K
}
Event: 2.521 GC heap before
{Heap before GC invocations=4 (full 0):
 PSYoungGen      total 35840K, used 35830K [0x0000000780700000, 0x0000000782f00000, 0x00000007c0000000)
  eden space 30720K, 100% used [0x0000000780700000,0x0000000782500000,0x0000000782500000)
  from space 5120K, 99% used [0x0000000782500000,0x00000007829fda88,0x0000000782a00000)
  to   space 5120K, 0% used [0x0000000782a00000,0x0000000782a00000,0x0000000782f00000)
 ParOldGen       total 81920K, used 1285K [0x0000000701400000, 0x0000000706400000, 0x0000000780700000)
  object space 81920K, 1% used [0x0000000701400000,0x0000000701541558,0x0000000706400000)
 Metaspace       used 16300K, capacity 16656K, committed 16896K, reserved 1062912K
  class space    used 2338K, capacity 2474K, committed 2560K, reserved 1048576K
Event: 2.531 GC heap after
Heap after GC invocations=4 (full 0):
 PSYoungGen      total 35840K, used 5088K [0x0000000780700000, 0x0000000782f00000, 0x00000007c0000000)
  eden space 30720K, 0% used [0x0000000780700000,0x0000000780700000,0x0000000782500000)
  from space 5120K, 99% used [0x0000000782a00000,0x0000000782ef8040,0x0000000782f00000)
  to   space 5120K, 0% used [0x0000000782500000,0x0000000782500000,0x0000000782a00000)
 ParOldGen       total 81920K, used 4314K [0x0000000701400000, 0x0000000706400000, 0x0000000780700000)
  object space 81920K, 5% used [0x0000000701400000,0x0000000701836810,0x0000000706400000)
 Metaspace       used 16300K, capacity 16656K, committed 16896K, reserved 1062912K
  class space    used 2338K, capacity 2474K, committed 2560K, reserved 1048576K
}

