# JRE version: OpenJDK Runtime Environment (8.0_152-b06) (build 1.8.0_152-release-1136-b06)
# Java VM: OpenJDK 64-Bit Server VM (25.152-b06 mixed mode windows-amd64 compressed oops)
Heap:
 PSYoungGen      total 166400K, used 134454K [0x0000000780700000, 0x000000078dc00000, 0x00000007c0000000)
  eden space 141312K, 87% used [0x0000000780700000,0x0000000787f45860,0x0000000789100000)
  from space 25088K, 45% used [0x0000000789100000,0x0000000789c08048,0x000000078a980000)
  to   space 24064K, 0% used [0x000000078c480000,0x000000078c480000,0x000000078dc00000)
 ParOldGen       total 154112K, used 45527K [0x0000000701400000, 0x000000070aa80000, 0x0000000780700000)
  object space 154112K, 29% used [0x0000000701400000,0x0000000704075e48,0x000000070aa80000)
 Metaspace       used 65300K, capacity 67768K, committed 68056K, reserved 1107968K
  class space    used 8697K, capacity 9320K, committed 9432K, reserved 1048576K
GC Heap History (10 events):
Event: 10.151 GC heap before
{Heap before GC invocations=14 (full 2):
 PSYoungGen      total 102912K, used 102889K [0x0000000780700000, 0x0000000789380000, 0x00000007c0000000)
  eden space 90112K, 100% used [0x0000000780700000,0x0000000785f00000,0x0000000785f00000)
  from space 12800K, 99% used [0x0000000785f00000,0x0000000786b7a540,0x0000000786b80000)
  to   space 15360K, 0% used [0x0000000788480000,0x0000000788480000,0x0000000789380000)
 ParOldGen       total 94720K, used 20415K [0x0000000701400000, 0x0000000707080000, 0x0000000780700000)
  object space 94720K, 21% used [0x0000000701400000,0x00000007027efd28,0x0000000707080000)
 Metaspace       used 54222K, capacity 55852K, committed 56024K, reserved 1097728K
  class space    used 7444K, capacity 7878K, committed 7896K, reserved 1048576K
Event: 10.171 GC heap after
Heap after GC invocations=14 (full 2):
 PSYoungGen      total 124928K, used 15357K [0x0000000780700000, 0x0000000789b80000, 0x00000007c0000000)
  eden space 109568K, 0% used [0x0000000780700000,0x0000000780700000,0x0000000787200000)
  from space 15360K, 99% used [0x0000000788480000,0x000000078937f520,0x0000000789380000)
  to   space 18944K, 0% used [0x0000000787200000,0x0000000787200000,0x0000000788480000)
 ParOldGen       total 94720K, used 24289K [0x0000000701400000, 0x0000000707080000, 0x0000000780700000)
  object space 94720K, 25% used [0x0000000701400000,0x0000000702bb8540,0x0000000707080000)
 Metaspace       used 54222K, capacity 55852K, committed 56024K, reserved 1097728K
  class space    used 7444K, capacity 7878K, committed 7896K, reserved 1048576K
}
Event: 11.220 GC heap before
{Heap before GC invocations=15 (full 2):
 PSYoungGen      total 124928K, used 124925K [0x0000000780700000, 0x0000000789b80000, 0x00000007c0000000)
  eden space 109568K, 100% used [0x0000000780700000,0x0000000787200000,0x0000000787200000)
  from space 15360K, 99% used [0x0000000788480000,0x000000078937f520,0x0000000789380000)
  to   space 18944K, 0% used [0x0000000787200000,0x0000000787200000,0x0000000788480000)
 ParOldGen       total 94720K, used 24289K [0x0000000701400000, 0x0000000707080000, 0x0000000780700000)
  object space 94720K, 25% used [0x0000000701400000,0x0000000702bb8540,0x0000000707080000)
 Metaspace       used 55993K, capacity 57756K, committed 57944K, reserved 1099776K
  class space    used 7696K, capacity 8155K, committed 8280K, reserved 1048576K
Event: 11.245 GC heap after
Heap after GC invocations=15 (full 2):
 PSYoungGen      total 128512K, used 18917K [0x0000000780700000, 0x000000078c180000, 0x00000007c0000000)
  eden space 109568K, 0% used [0x0000000780700000,0x0000000780700000,0x0000000787200000)
  from space 18944K, 99% used [0x0000000787200000,0x00000007884794f0,0x0000000788480000)
  to   space 24576K, 0% used [0x000000078a980000,0x000000078a980000,0x000000078c180000)
 ParOldGen       total 94720K, used 31909K [0x0000000701400000, 0x0000000707080000, 0x0000000780700000)
  object space 94720K, 33% used [0x0000000701400000,0x00000007033296a8,0x0000000707080000)
 Metaspace       used 55993K, capacity 57756K, committed 57944K, reserved 1099776K
  class space    used 7696K, capacity 8155K, committed 8280K, reserved 1048576K
}
Event: 12.015 GC heap before
{Heap before GC invocations=16 (full 2):
 PSYoungGen      total 128512K, used 70871K [0x0000000780700000, 0x000000078c180000, 0x00000007c0000000)
  eden space 109568K, 47% used [0x0000000780700000,0x00000007839bc898,0x0000000787200000)
  from space 18944K, 99% used [0x0000000787200000,0x00000007884794f0,0x0000000788480000)
  to   space 24576K, 0% used [0x000000078a980000,0x000000078a980000,0x000000078c180000)
 ParOldGen       total 94720K, used 31909K [0x0000000701400000, 0x0000000707080000, 0x0000000780700000)
  object space 94720K, 33% used [0x0000000701400000,0x00000007033296a8,0x0000000707080000)
 Metaspace       used 57169K, capacity 58908K, committed 59028K, reserved 1099776K
  class space    used 7877K, capacity 8336K, committed 8408K, reserved 1048576K
Event: 12.041 GC heap after
Heap after GC invocations=16 (full 2):
 PSYoungGen      total 165888K, used 16725K [0x0000000780700000, 0x000000078c700000, 0x00000007c0000000)
  eden space 141312K, 0% used [0x0000000780700000,0x0000000780700000,0x0000000789100000)
  from space 24576K, 68% used [0x000000078a980000,0x000000078b9d5540,0x000000078c180000)
  to   space 25088K, 0% used [0x0000000789100000,0x0000000789100000,0x000000078a980000)
 ParOldGen       total 94720K, used 39444K [0x0000000701400000, 0x0000000707080000, 0x0000000780700000)
  object space 94720K, 41% used [0x0000000701400000,0x0000000703a85200,0x0000000707080000)
 Metaspace       used 57169K, capacity 58908K, committed 59028K, reserved 1099776K
  class space    used 7877K, capacity 8336K, committed 8408K, reserved 1048576K
}
Event: 12.041 GC heap before
{Heap before GC invocations=17 (full 3):
 PSYoungGen      total 165888K, used 16725K [0x0000000780700000, 0x000000078c700000, 0x00000007c0000000)
  eden space 141312K, 0% used [0x0000000780700000,0x0000000780700000,0x0000000789100000)
  from space 24576K, 68% used [0x000000078a980000,0x000000078b9d5540,0x000000078c180000)
  to   space 25088K, 0% used [0x0000000789100000,0x0000000789100000,0x000000078a980000)
 ParOldGen       total 94720K, used 39444K [0x0000000701400000, 0x0000000707080000, 0x0000000780700000)
  object space 94720K, 41% used [0x0000000701400000,0x0000000703a85200,0x0000000707080000)
 Metaspace       used 57169K, capacity 58908K, committed 59028K, reserved 1099776K
  class space    used 7877K, capacity 8336K, committed 8408K, reserved 1048576K
Event: 12.384 GC heap after
Heap after GC invocations=17 (full 3):
 PSYoungGen      total 165888K, used 0K [0x0000000780700000, 0x000000078c700000, 0x00000007c0000000)
  eden space 141312K, 0% used [0x0000000780700000,0x0000000780700000,0x0000000789100000)
  from space 24576K, 0% used [0x000000078a980000,0x000000078a980000,0x000000078c180000)
  to   space 25088K, 0% used [0x0000000789100000,0x0000000789100000,0x000000078a980000)
 ParOldGen       total 154112K, used 45519K [0x0000000701400000, 0x000000070aa80000, 0x0000000780700000)
  object space 154112K, 29% used [0x0000000701400000,0x0000000704073e48,0x000000070aa80000)
 Metaspace       used 57169K, capacity 58908K, committed 59028K, reserved 1099776K
  class space    used 7877K, capacity 8336K, committed 8408K, reserved 1048576K
}
Event: 19.920 GC heap before
{Heap before GC invocations=18 (full 3):
 PSYoungGen      total 165888K, used 141312K [0x0000000780700000, 0x000000078c700000, 0x00000007c0000000)
  eden space 141312K, 100% used [0x0000000780700000,0x0000000789100000,0x0000000789100000)
  from space 24576K, 0% used [0x000000078a980000,0x000000078a980000,0x000000078c180000)
  to   space 25088K, 0% used [0x0000000789100000,0x0000000789100000,0x000000078a980000)
 ParOldGen       total 154112K, used 45519K [0x0000000701400000, 0x000000070aa80000, 0x0000000780700000)
  object space 154112K, 29% used [0x0000000701400000,0x0000000704073e48,0x000000070aa80000)
 Metaspace       used 62405K, capacity 64708K, committed 64856K, reserved 1105920K
  class space    used 8373K, capacity 8938K, committed 9048K, reserved 1048576K
Event: 19.934 GC heap after
Heap after GC invocations=18 (full 3):
 PSYoungGen      total 166400K, used 11296K [0x0000000780700000, 0x000000078dc00000, 0x00000007c0000000)
  eden space 141312K, 0% used [0x0000000780700000,0x0000000780700000,0x0000000789100000)
  from space 25088K, 45% used [0x0000000789100000,0x0000000789c08048,0x000000078a980000)
  to   space 24064K, 0% used [0x000000078c480000,0x000000078c480000,0x000000078dc00000)
 ParOldGen       total 154112K, used 45527K [0x0000000701400000, 0x000000070aa80000, 0x0000000780700000)
  object space 154112K, 29% used [0x0000000701400000,0x0000000704075e48,0x000000070aa80000)
 Metaspace       used 62405K, capacity 64708K, committed 64856K, reserved 1105920K
  class space    used 8373K, capacity 8938K, committed 9048K, reserved 1048576K
}

