# JRE version: OpenJDK Runtime Environment (8.0_152-b06) (build 1.8.0_152-release-1136-b06)
# Java VM: OpenJDK 64-Bit Server VM (25.152-b06 mixed mode windows-amd64 compressed oops)
Heap:
 PSYoungGen      total 72704K, used 40875K [0x00000000d5580000, 0x00000000da880000, 0x0000000100000000)
  eden space 60416K, 50% used [0x00000000d5580000,0x00000000d7346ce8,0x00000000d9080000)
  from space 12288K, 84% used [0x00000000d9080000,0x00000000d9aa41f0,0x00000000d9c80000)
  to   space 12288K, 0% used [0x00000000d9c80000,0x00000000d9c80000,0x00000000da880000)
 ParOldGen       total 90624K, used 16496K [0x0000000080000000, 0x0000000085880000, 0x00000000d5580000)
  object space 90624K, 18% used [0x0000000080000000,0x000000008101c3d0,0x0000000085880000)
 Metaspace       used 44086K, capacity 45180K, committed 45272K, reserved 1087488K
  class space    used 6001K, capacity 6340K, committed 6360K, reserved 1048576K
GC Heap History (10 events):
Event: 8.884 GC heap before
{Heap before GC invocations=11 (full 1):
 PSYoungGen      total 46592K, used 44125K [0x00000000d5580000, 0x00000000d9880000, 0x0000000100000000)
  eden space 36352K, 100% used [0x00000000d5580000,0x00000000d7900000,0x00000000d7900000)
  from space 10240K, 75% used [0x00000000d7900000,0x00000000d80977e8,0x00000000d8300000)
  to   space 10752K, 0% used [0x00000000d8e00000,0x00000000d8e00000,0x00000000d9880000)
 ParOldGen       total 60416K, used 9034K [0x0000000080000000, 0x0000000083b00000, 0x00000000d5580000)
  object space 60416K, 14% used [0x0000000080000000,0x00000000808d2b18,0x0000000083b00000)
 Metaspace       used 31228K, capacity 31790K, committed 32128K, reserved 1077248K
  class space    used 4399K, capacity 4618K, committed 4736K, reserved 1048576K
Event: 8.892 GC heap after
Heap after GC invocations=11 (full 1):
 PSYoungGen      total 56832K, used 9111K [0x00000000d5580000, 0x00000000d9880000, 0x0000000100000000)
  eden space 46080K, 0% used [0x00000000d5580000,0x00000000d5580000,0x00000000d8280000)
  from space 10752K, 84% used [0x00000000d8e00000,0x00000000d96e5c10,0x00000000d9880000)
  to   space 11264K, 0% used [0x00000000d8280000,0x00000000d8280000,0x00000000d8d80000)
 ParOldGen       total 60416K, used 9042K [0x0000000080000000, 0x0000000083b00000, 0x00000000d5580000)
  object space 60416K, 14% used [0x0000000080000000,0x00000000808d4b18,0x0000000083b00000)
 Metaspace       used 31228K, capacity 31790K, committed 32128K, reserved 1077248K
  class space    used 4399K, capacity 4618K, committed 4736K, reserved 1048576K
}
Event: 9.276 GC heap before
{Heap before GC invocations=12 (full 1):
 PSYoungGen      total 56832K, used 27939K [0x00000000d5580000, 0x00000000d9880000, 0x0000000100000000)
  eden space 46080K, 40% used [0x00000000d5580000,0x00000000d67e3388,0x00000000d8280000)
  from space 10752K, 84% used [0x00000000d8e00000,0x00000000d96e5c10,0x00000000d9880000)
  to   space 11264K, 0% used [0x00000000d8280000,0x00000000d8280000,0x00000000d8d80000)
 ParOldGen       total 60416K, used 9042K [0x0000000080000000, 0x0000000083b00000, 0x00000000d5580000)
  object space 60416K, 14% used [0x0000000080000000,0x00000000808d4b18,0x0000000083b00000)
 Metaspace       used 34573K, capacity 35268K, committed 35416K, reserved 1079296K
  class space    used 4858K, capacity 5121K, committed 5208K, reserved 1048576K
Event: 9.285 GC heap after
Heap after GC invocations=12 (full 1):
 PSYoungGen      total 57344K, used 10081K [0x00000000d5580000, 0x00000000da880000, 0x0000000100000000)
  eden space 46080K, 0% used [0x00000000d5580000,0x00000000d5580000,0x00000000d8280000)
  from space 11264K, 89% used [0x00000000d8280000,0x00000000d8c58660,0x00000000d8d80000)
  to   space 12288K, 0% used [0x00000000d9c80000,0x00000000d9c80000,0x00000000da880000)
 ParOldGen       total 60416K, used 9050K [0x0000000080000000, 0x0000000083b00000, 0x00000000d5580000)
  object space 60416K, 14% used [0x0000000080000000,0x00000000808d6b18,0x0000000083b00000)
 Metaspace       used 34573K, capacity 35268K, committed 35416K, reserved 1079296K
  class space    used 4858K, capacity 5121K, committed 5208K, reserved 1048576K
}
Event: 9.285 GC heap before
{Heap before GC invocations=13 (full 2):
 PSYoungGen      total 57344K, used 10081K [0x00000000d5580000, 0x00000000da880000, 0x0000000100000000)
  eden space 46080K, 0% used [0x00000000d5580000,0x00000000d5580000,0x00000000d8280000)
  from space 11264K, 89% used [0x00000000d8280000,0x00000000d8c58660,0x00000000d8d80000)
  to   space 12288K, 0% used [0x00000000d9c80000,0x00000000d9c80000,0x00000000da880000)
 ParOldGen       total 60416K, used 9050K [0x0000000080000000, 0x0000000083b00000, 0x00000000d5580000)
  object space 60416K, 14% used [0x0000000080000000,0x00000000808d6b18,0x0000000083b00000)
 Metaspace       used 34573K, capacity 35268K, committed 35416K, reserved 1079296K
  class space    used 4858K, capacity 5121K, committed 5208K, reserved 1048576K
Event: 9.346 GC heap after
Heap after GC invocations=13 (full 2):
 PSYoungGen      total 57344K, used 0K [0x00000000d5580000, 0x00000000da880000, 0x0000000100000000)
  eden space 46080K, 0% used [0x00000000d5580000,0x00000000d5580000,0x00000000d8280000)
  from space 11264K, 0% used [0x00000000d8280000,0x00000000d8280000,0x00000000d8d80000)
  to   space 12288K, 0% used [0x00000000d9c80000,0x00000000d9c80000,0x00000000da880000)
 ParOldGen       total 90624K, used 16480K [0x0000000080000000, 0x0000000085880000, 0x00000000d5580000)
  object space 90624K, 18% used [0x0000000080000000,0x00000000810183d0,0x0000000085880000)
 Metaspace       used 34573K, capacity 35268K, committed 35416K, reserved 1079296K
  class space    used 4858K, capacity 5121K, committed 5208K, reserved 1048576K
}
Event: 9.821 GC heap before
{Heap before GC invocations=14 (full 2):
 PSYoungGen      total 57344K, used 46080K [0x00000000d5580000, 0x00000000da880000, 0x0000000100000000)
  eden space 46080K, 100% used [0x00000000d5580000,0x00000000d8280000,0x00000000d8280000)
  from space 11264K, 0% used [0x00000000d8280000,0x00000000d8280000,0x00000000d8d80000)
  to   space 12288K, 0% used [0x00000000d9c80000,0x00000000d9c80000,0x00000000da880000)
 ParOldGen       total 90624K, used 16480K [0x0000000080000000, 0x0000000085880000, 0x00000000d5580000)
  object space 90624K, 18% used [0x0000000080000000,0x00000000810183d0,0x0000000085880000)
 Metaspace       used 37701K, capacity 38460K, committed 38744K, reserved 1083392K
  class space    used 5199K, capacity 5461K, committed 5464K, reserved 1048576K
Event: 9.828 GC heap after
Heap after GC invocations=14 (full 2):
 PSYoungGen      total 72704K, used 4363K [0x00000000d5580000, 0x00000000da880000, 0x0000000100000000)
  eden space 60416K, 0% used [0x00000000d5580000,0x00000000d5580000,0x00000000d9080000)
  from space 12288K, 35% used [0x00000000d9c80000,0x00000000da0c2f80,0x00000000da880000)
  to   space 12288K, 0% used [0x00000000d9080000,0x00000000d9080000,0x00000000d9c80000)
 ParOldGen       total 90624K, used 16488K [0x0000000080000000, 0x0000000085880000, 0x00000000d5580000)
  object space 90624K, 18% used [0x0000000080000000,0x000000008101a3d0,0x0000000085880000)
 Metaspace       used 37701K, capacity 38460K, committed 38744K, reserved 1083392K
  class space    used 5199K, capacity 5461K, committed 5464K, reserved 1048576K
}
Event: 11.185 GC heap before
{Heap before GC invocations=15 (full 2):
 PSYoungGen      total 72704K, used 64779K [0x00000000d5580000, 0x00000000da880000, 0x0000000100000000)
  eden space 60416K, 100% used [0x00000000d5580000,0x00000000d9080000,0x00000000d9080000)
  from space 12288K, 35% used [0x00000000d9c80000,0x00000000da0c2f80,0x00000000da880000)
  to   space 12288K, 0% used [0x00000000d9080000,0x00000000d9080000,0x00000000d9c80000)
 ParOldGen       total 90624K, used 16488K [0x0000000080000000, 0x0000000085880000, 0x00000000d5580000)
  object space 90624K, 18% used [0x0000000080000000,0x000000008101a3d0,0x0000000085880000)
 Metaspace       used 42139K, capacity 42986K, committed 43224K, reserved 1087488K
  class space    used 5704K, capacity 6024K, committed 6104K, reserved 1048576K
Event: 11.193 GC heap after
Heap after GC invocations=15 (full 2):
 PSYoungGen      total 72704K, used 10384K [0x00000000d5580000, 0x00000000da880000, 0x0000000100000000)
  eden space 60416K, 0% used [0x00000000d5580000,0x00000000d5580000,0x00000000d9080000)
  from space 12288K, 84% used [0x00000000d9080000,0x00000000d9aa41f0,0x00000000d9c80000)
  to   space 12288K, 0% used [0x00000000d9c80000,0x00000000d9c80000,0x00000000da880000)
 ParOldGen       total 90624K, used 16496K [0x0000000080000000, 0x0000000085880000, 0x00000000d5580000)
  object space 90624K, 18% used [0x0000000080000000,0x000000008101c3d0,0x0000000085880000)
 Metaspace       used 42139K, capacity 42986K, committed 43224K, reserved 1087488K
  class space    used 5704K, capacity 6024K, committed 6104K, reserved 1048576K
}

